[debug] [2023-01-25T02:30:05.033Z] ----------------------------------------------------------------------
[debug] [2023-01-25T02:30:05.046Z] Command:       C:\Program Files\nodejs\node.exe C:\Users\PC\AppData\Roaming\npm\node_modules\firebase-tools\lib\bin\firebase.js init
[debug] [2023-01-25T02:30:05.049Z] CLI Version:   11.20.0
[debug] [2023-01-25T02:30:05.051Z] Platform:      win32
[debug] [2023-01-25T02:30:05.051Z] Node Version:  v18.12.1
[debug] [2023-01-25T02:30:05.057Z] Time:          Wed Jan 25 2023 02:30:05 GMT+0000 (Coordinated Universal Time)
[debug] [2023-01-25T02:30:05.060Z] ----------------------------------------------------------------------
[debug] 
[debug] [2023-01-25T02:30:05.096Z] >>> [apiv2][query] GET https://firebase-public.firebaseio.com/cli.json [none]
[debug] [2023-01-25T02:30:05.777Z] > command requires scopes: ["email","openid","https://www.googleapis.com/auth/cloudplatformprojects.readonly","https://www.googleapis.com/auth/firebase","https://www.googleapis.com/auth/cloud-platform"]
[debug] [2023-01-25T02:30:05.778Z] > authorizing via signed-in user (okekolawoles36@gmail.com)
[info] 
     ######## #### ########  ######## ########     ###     ######  ########
     ##        ##  ##     ## ##       ##     ##  ##   ##  ##       ##
     ######    ##  ########  ######   ########  #########  ######  ######
     ##        ##  ##    ##  ##       ##     ## ##     ##       ## ##
     ##       #### ##     ## ######## ########  ##     ##  ######  ########

You're about to initialize a Firebase project in this directory:

  C:\Users\PC\realestate-app

Before we get started, keep in mind:

  * You are initializing within an existing Firebase project directory

[debug] [2023-01-25T02:30:06.723Z] <<< [apiv2][status] GET https://firebase-public.firebaseio.com/cli.json 200
[debug] [2023-01-25T02:30:06.725Z] <<< [apiv2][body] GET https://firebase-public.firebaseio.com/cli.json {"cloudBuildErrorAfter":1594252800000,"cloudBuildWarnAfter":1590019200000,"defaultNode10After":1594252800000,"minVersion":"3.0.5","node8DeploysDisabledAfter":1613390400000,"node8RuntimeDisabledAfter":1615809600000,"node8WarnAfter":1600128000000}
